{
  "stats": {
    "suites": 1,
    "tests": 1,
    "passes": 1,
    "pending": 0,
    "failures": 0,
    "start": "2025-03-16T15:00:15.501Z",
    "end": "2025-03-16T15:00:15.841Z",
    "duration": 340,
    "testsRegistered": 1,
    "passPercent": 100,
    "pendingPercent": 0,
    "other": 0,
    "hasOther": false,
    "skipped": 0,
    "hasSkipped": false
  },
  "results": [
    {
      "uuid": "ddec1e82-d84c-4e77-b0b7-87f20ef39eec",
      "title": "",
      "fullFile": "cypress/e2e/tests/TC_02_GET.cy.js",
      "file": "cypress/e2e/tests/TC_02_GET.cy.js",
      "beforeHooks": [],
      "afterHooks": [],
      "tests": [],
      "suites": [
        {
          "uuid": "e2ae9015-08f7-4374-8d0f-44f42ee4b236",
          "title": "test GET request",
          "fullFile": "",
          "file": "",
          "beforeHooks": [],
          "afterHooks": [],
          "tests": [
            {
              "title": "shoule be able to send GET request",
              "fullTitle": "test GET request shoule be able to send GET request",
              "timedOut": null,
              "duration": 315,
              "state": "passed",
              "speed": "fast",
              "pass": true,
              "fail": false,
              "pending": false,
              "context": null,
              "code": "cy.request({\n  url: 'https://jsonplaceholder.typicode.com/posts',\n  method: 'GET'\n}).then(response => {\n  // cy.log(JSON.stringify(response));\n  let {\n    status,\n    body\n  } = response;\n  expect(status).to.eq(200);\n  expect(body.length).to.equal(100);\n  // get a random element from array object\n  let randomIndex = Math.random() * body.length;\n  let roundedRandomIndex = Math.floor(randomIndex);\n  let randomObject = body[roundedRandomIndex];\n  // verification\n  verifyNotEmply('userID', randomObject.userId);\n  verifyNotEmply('id', randomObject.id);\n  verifyNotEmply('title', randomObject.title);\n  verifyNotEmply('userID', randomObject.userId);\n});",
              "err": {},
              "uuid": "cc97e0bf-4a2c-4b63-8671-2c618dfafe50",
              "parentUUID": "e2ae9015-08f7-4374-8d0f-44f42ee4b236",
              "isHook": false,
              "skipped": false
            }
          ],
          "suites": [],
          "passes": [
            "cc97e0bf-4a2c-4b63-8671-2c618dfafe50"
          ],
          "failures": [],
          "pending": [],
          "skipped": [],
          "duration": 315,
          "root": false,
          "rootEmpty": false,
          "_timeout": 2000
        }
      ],
      "passes": [],
      "failures": [],
      "pending": [],
      "skipped": [],
      "duration": 0,
      "root": true,
      "rootEmpty": true,
      "_timeout": 2000
    }
  ],
  "meta": {
    "mocha": {
      "version": "7.0.1"
    },
    "mochawesome": {
      "options": {
        "quiet": false,
        "reportFilename": "mochawesome",
        "saveHtml": false,
        "saveJson": true,
        "consoleReporter": "spec",
        "useInlineDiffs": false,
        "code": true
      },
      "version": "7.1.3"
    },
    "marge": {
      "options": {
        "reportDir": "cypress/reports/.jsons",
        "overwrite": false,
        "html": false,
        "json": true,
        "embeddedScreenshots": true,
        "reportPageTitle": "My test Suite Result"
      },
      "version": "6.2.0"
    }
  }
}