{
  "stats": {
    "suites": 1,
    "tests": 1,
    "passes": 1,
    "pending": 0,
    "failures": 0,
    "start": "2025-03-16T15:00:17.273Z",
    "end": "2025-03-16T15:00:18.364Z",
    "duration": 1091,
    "testsRegistered": 1,
    "passPercent": 100,
    "pendingPercent": 0,
    "other": 0,
    "hasOther": false,
    "skipped": 0,
    "hasSkipped": false
  },
  "results": [
    {
      "uuid": "9a66f990-f08d-4f89-aa3c-ee392d8cd2f1",
      "title": "",
      "fullFile": "cypress/e2e/tests/TC_03_POST.cy.js",
      "file": "cypress/e2e/tests/TC_03_POST.cy.js",
      "beforeHooks": [],
      "afterHooks": [],
      "tests": [],
      "suites": [
        {
          "uuid": "d334e6c4-e84e-42dc-a3fb-d1f11267c53e",
          "title": "Test post request",
          "fullFile": "",
          "file": "",
          "beforeHooks": [],
          "afterHooks": [],
          "tests": [
            {
              "title": "should be able to send post request",
              "fullTitle": "Test post request should be able to send post request",
              "timedOut": null,
              "duration": 1065,
              "state": "passed",
              "speed": "fast",
              "pass": true,
              "fail": false,
              "pending": false,
              "context": null,
              "code": "let url = 'https://jsonplaceholder.typicode.com/posts';\nlet header = {\n  'Content-type': 'application/json; charset=UTF-8'\n};\nlet requestBody = {\n  title: 'foo',\n  body: 'bar',\n  userId: 1\n};\nlet requestObject = {\n  method: 'POST',\n  url: url,\n  headers: header,\n  body: requestBody\n};\ncy.request(requestObject).then(response => {\n  let {\n    status,\n    body\n  } = response;\n  // cy.log(JSON.stringify(response))\n  expect(status).to.equal(201);\n  let {\n    userId,\n    id,\n    title\n  } = body;\n  let responseBody = body.body;\n  // verification\n  expect(userId).to.eq(requestBody.userId);\n  expect(id).to.eq(101, 'id is not correct');\n  expect(title).to.eq(requestBody.title, 'title is not correct');\n  expect(responseBody).to.eq(requestBody.body, 'body is not correct');\n});",
              "err": {},
              "uuid": "caf99d60-6851-48ba-81fc-b1709e72e1d5",
              "parentUUID": "d334e6c4-e84e-42dc-a3fb-d1f11267c53e",
              "isHook": false,
              "skipped": false
            }
          ],
          "suites": [],
          "passes": [
            "caf99d60-6851-48ba-81fc-b1709e72e1d5"
          ],
          "failures": [],
          "pending": [],
          "skipped": [],
          "duration": 1065,
          "root": false,
          "rootEmpty": false,
          "_timeout": 2000
        }
      ],
      "passes": [],
      "failures": [],
      "pending": [],
      "skipped": [],
      "duration": 0,
      "root": true,
      "rootEmpty": true,
      "_timeout": 2000
    }
  ],
  "meta": {
    "mocha": {
      "version": "7.0.1"
    },
    "mochawesome": {
      "options": {
        "quiet": false,
        "reportFilename": "mochawesome",
        "saveHtml": false,
        "saveJson": true,
        "consoleReporter": "spec",
        "useInlineDiffs": false,
        "code": true
      },
      "version": "7.1.3"
    },
    "marge": {
      "options": {
        "reportDir": "cypress/reports/.jsons",
        "overwrite": false,
        "html": false,
        "json": true,
        "embeddedScreenshots": true,
        "reportPageTitle": "My test Suite Result"
      },
      "version": "6.2.0"
    }
  }
}