{
  "stats": {
    "suites": 1,
    "tests": 1,
    "passes": 1,
    "pending": 0,
    "failures": 0,
    "start": "2025-03-16T15:00:13.207Z",
    "end": "2025-03-16T15:00:14.291Z",
    "duration": 1084,
    "testsRegistered": 1,
    "passPercent": 100,
    "pendingPercent": 0,
    "other": 0,
    "hasOther": false,
    "skipped": 0,
    "hasSkipped": false
  },
  "results": [
    {
      "uuid": "63b1cfca-fde3-4e91-b97b-41110a52b046",
      "title": "",
      "fullFile": "cypress/e2e/tests/TC_01_GET.cy.js",
      "file": "cypress/e2e/tests/TC_01_GET.cy.js",
      "beforeHooks": [],
      "afterHooks": [],
      "tests": [],
      "suites": [
        {
          "uuid": "d8e9e071-3333-408d-86f6-aaa086efe081",
          "title": "test GET request",
          "fullFile": "",
          "file": "",
          "beforeHooks": [],
          "afterHooks": [],
          "tests": [
            {
              "title": "shoule be able to send GET request",
              "fullTitle": "test GET request shoule be able to send GET request",
              "timedOut": null,
              "duration": 1061,
              "state": "passed",
              "speed": "fast",
              "pass": true,
              "fail": false,
              "pending": false,
              "context": null,
              "code": "cy.request({\n  url: 'https://jsonplaceholder.typicode.com/posts',\n  method: 'GET'\n}).then(response => {\n  // cy.log(JSON.stringify(response));\n  expect(response.status).to.eq(200);\n  expect(response.body.length).to.equal(100);\n});",
              "err": {},
              "uuid": "b1855df6-b872-4967-a2cb-a8d17682d6ac",
              "parentUUID": "d8e9e071-3333-408d-86f6-aaa086efe081",
              "isHook": false,
              "skipped": false
            }
          ],
          "suites": [],
          "passes": [
            "b1855df6-b872-4967-a2cb-a8d17682d6ac"
          ],
          "failures": [],
          "pending": [],
          "skipped": [],
          "duration": 1061,
          "root": false,
          "rootEmpty": false,
          "_timeout": 2000
        }
      ],
      "passes": [],
      "failures": [],
      "pending": [],
      "skipped": [],
      "duration": 0,
      "root": true,
      "rootEmpty": true,
      "_timeout": 2000
    }
  ],
  "meta": {
    "mocha": {
      "version": "7.0.1"
    },
    "mochawesome": {
      "options": {
        "quiet": false,
        "reportFilename": "mochawesome",
        "saveHtml": false,
        "saveJson": true,
        "consoleReporter": "spec",
        "useInlineDiffs": false,
        "code": true
      },
      "version": "7.1.3"
    },
    "marge": {
      "options": {
        "reportDir": "cypress/reports/.jsons",
        "overwrite": false,
        "html": false,
        "json": true,
        "embeddedScreenshots": true,
        "reportPageTitle": "My test Suite Result"
      },
      "version": "6.2.0"
    }
  }
}