{
  "stats": {
    "suites": 1,
    "tests": 1,
    "passes": 1,
    "pending": 0,
    "failures": 0,
    "start": "2025-03-16T15:00:22.667Z",
    "end": "2025-03-16T15:01:00.980Z",
    "duration": 38313,
    "testsRegistered": 1,
    "passPercent": 100,
    "pendingPercent": 0,
    "other": 0,
    "hasOther": false,
    "skipped": 0,
    "hasSkipped": false
  },
  "results": [
    {
      "uuid": "c4d62d75-b3e0-4600-aa95-7ab2545cac2c",
      "title": "",
      "fullFile": "cypress/e2e/tests/login.cy.js",
      "file": "cypress/e2e/tests/login.cy.js",
      "beforeHooks": [],
      "afterHooks": [],
      "tests": [],
      "suites": [
        {
          "uuid": "fd866370-0866-4793-82aa-600008c02499",
          "title": "Login Test",
          "fullFile": "",
          "file": "",
          "beforeHooks": [],
          "afterHooks": [],
          "tests": [
            {
              "title": "TC_01_Login_Successfully",
              "fullTitle": "Login Test TC_01_Login_Successfully",
              "timedOut": null,
              "duration": 38246,
              "state": "passed",
              "speed": "slow",
              "pass": true,
              "fail": false,
              "pending": false,
              "context": null,
              "code": "cy.get(_login.default.userName).clear().type(login.username);\ncy.get(_login.default.passWord).clear().type(login.password);\ncy.get(_login.default.loginBtn).click();",
              "err": {},
              "uuid": "b990b0ff-0255-490a-9888-d185f0632d47",
              "parentUUID": "fd866370-0866-4793-82aa-600008c02499",
              "isHook": false,
              "skipped": false
            }
          ],
          "suites": [],
          "passes": [
            "b990b0ff-0255-490a-9888-d185f0632d47"
          ],
          "failures": [],
          "pending": [],
          "skipped": [],
          "duration": 38246,
          "root": false,
          "rootEmpty": false,
          "_timeout": 2000
        }
      ],
      "passes": [],
      "failures": [],
      "pending": [],
      "skipped": [],
      "duration": 0,
      "root": true,
      "rootEmpty": true,
      "_timeout": 2000
    }
  ],
  "meta": {
    "mocha": {
      "version": "7.0.1"
    },
    "mochawesome": {
      "options": {
        "quiet": false,
        "reportFilename": "mochawesome",
        "saveHtml": false,
        "saveJson": true,
        "consoleReporter": "spec",
        "useInlineDiffs": false,
        "code": true
      },
      "version": "7.1.3"
    },
    "marge": {
      "options": {
        "reportDir": "cypress/reports/.jsons",
        "overwrite": false,
        "html": false,
        "json": true,
        "embeddedScreenshots": true,
        "reportPageTitle": "My test Suite Result"
      },
      "version": "6.2.0"
    }
  }
}